Flutter crash report.
Please report a bug at https://github.com/flutter/flutter/issues.

## command

flutter --quiet assemble --no-version-check --depfile C:\Users\dell\Desktop\maloc_mobile_app_flutter\build\app\intermediates\flutter\debug/flutter_build.d --output C:\Users\dell\Desktop\maloc_mobile_app_flutter\build\app\intermediates\flutter\debug -dTargetFile=C:\Users\dell\Desktop\maloc_mobile_app_flutter\lib\main.dart -dTargetPlatform=android -dBuildMode=debug -dTrackWidgetCreation=true --DartDefines=Zmx1dHRlci5pbnNwZWN0b3Iuc3RydWN0dXJlZEVycm9ycz10cnVl,RkxVVFRFUl9XRUJfQVVUT19ERVRFQ1Q9dHJ1ZQ==,RkxVVFRFUl9XRUJfQ0FOVkFTS0lUX1VSTD1odHRwczovL3d3dy5nc3RhdGljLmNvbS9mbHV0dGVyLWNhbnZhc2tpdC9iMjAxODNlMDQwOTYwOTRiY2MzN2Q5Y2RlMmE0Yjk2ZjVjYzY4NGNmLw== debug_android_application

## exception

PathAccessException: PathAccessException: Cannot delete file, path = 'C:\Users\dell\Desktop\maloc_mobile_app_flutter\build\app\intermediates\flutter\debug\flutter_assets\assets/assets.rar' (OS Error: Accès refusé.
, errno = 5)

```
#0      _File.throwIfError (dart:io/file_impl.dart:675:7)
#1      _File._deleteSync (dart:io/file_impl.dart:329:5)
#2      FileSystemEntity.deleteSync (dart:io/file_system_entity.dart:424:7)
#3      ForwardingFileSystemEntity.deleteSync (package:file/src/forwarding/forwarding_file_system_entity.dart:70:16)
#4      ForwardingFileSystemEntity.deleteSync (package:file/src/forwarding/forwarding_file_system_entity.dart:70:16)
#5      ErrorHandlingFileSystem.deleteIfExists (package:flutter_tools/src/base/error_handling_io.dart:80:12)
#6      FlutterBuildSystem.trackSharedBuildDirectory (package:flutter_tools/src/build_system/build_system.dart:756:33)
#7      FlutterBuildSystem.build (package:flutter_tools/src/build_system/build_system.dart:644:5)
<asynchronous suspension>
#8      AssembleCommand.runCommand (package:flutter_tools/src/commands/assemble.dart:315:32)
<asynchronous suspension>
#9      FlutterCommand.run.<anonymous closure> (package:flutter_tools/src/runner/flutter_command.dart:1297:27)
<asynchronous suspension>
#10     AppContext.run.<anonymous closure> (package:flutter_tools/src/base/context.dart:150:19)
<asynchronous suspension>
#11     CommandRunner.runCommand (package:args/command_runner.dart:212:13)
<asynchronous suspension>
#12     FlutterCommandRunner.runCommand.<anonymous closure> (package:flutter_tools/src/runner/flutter_command_runner.dart:339:9)
<asynchronous suspension>
#13     AppContext.run.<anonymous closure> (package:flutter_tools/src/base/context.dart:150:19)
<asynchronous suspension>
#14     FlutterCommandRunner.runCommand (package:flutter_tools/src/runner/flutter_command_runner.dart:285:5)
<asynchronous suspension>
#15     run.<anonymous closure>.<anonymous closure> (package:flutter_tools/runner.dart:115:9)
<asynchronous suspension>
#16     AppContext.run.<anonymous closure> (package:flutter_tools/src/base/context.dart:150:19)
<asynchronous suspension>
#17     main (package:flutter_tools/executable.dart:90:3)
<asynchronous suspension>
```

## flutter doctor

```
[!] Flutter (Channel stable, 3.13.1, on Microsoft Windows [version 10.0.19045.5011], locale fr-FR)
    • Flutter version 3.13.1 on channel stable at C:\Users\dell\Downloads\flutter_windows_3.13.1-stable\flutter
    ! Warning: `flutter` on your path resolves to C:\Users\dell\Downloads\flutter_windows_3.24.4-stable\flutter\bin\flutter, which is not inside your current Flutter SDK checkout at C:\Users\dell\Downloads\flutter_windows_3.13.1-stable\flutter. Consider adding C:\Users\dell\Downloads\flutter_windows_3.13.1-stable\flutter\bin to the front of your path.
    ! Warning: `dart` on your path resolves to C:\Users\dell\Downloads\flutter_windows_3.24.4-stable\flutter\bin\dart, which is not inside your current Flutter SDK checkout at C:\Users\dell\Downloads\flutter_windows_3.13.1-stable\flutter. Consider adding C:\Users\dell\Downloads\flutter_windows_3.13.1-stable\flutter\bin to the front of your path.
    • Upstream repository https://github.com/flutter/flutter.git
    • Framework revision e1e47221e8 (1 year, 3 months ago), 2023-08-22 21:43:18 -0700
    • Engine revision b20183e040
    • Dart version 3.1.0
    • DevTools version 2.25.0
    • If those were intentional, you can disregard the above warnings; however it is recommended to use "git" directly to perform update checks and upgrades.

[✓] Windows Version (Installed version of Windows is version 10 or higher)

[✓] Android toolchain - develop for Android devices (Android SDK version 35.0.0)
    • Android SDK at C:\Users\dell\AppData\Local\Android\sdk
    • Platform android-35, build-tools 35.0.0
    • Java binary at: C:\Program Files\Android\Android Studio\jbr\bin\java
    • Java version OpenJDK Runtime Environment (build 17.0.11+0--11852314)
    • All Android licenses accepted.

[✓] Chrome - develop for the web
    • Chrome at C:\Program Files\Google\Chrome\Application\chrome.exe

[!] Visual Studio - develop Windows apps (Visual Studio Community 2022 17.11.5)
    • Visual Studio at C:\Program Files\Microsoft Visual Studio\2022\Community
    • Visual Studio Community 2022 version 17.11.35327.3
    ✗ Visual Studio is missing necessary components. Please re-run the Visual Studio installer for the "Desktop development with C++" workload, and include these components:
        MSVC v142 - VS 2019 C++ x64/x86 build tools
         - If there are multiple build tool versions available, install the latest
        C++ CMake tools for Windows
        Windows 10 SDK

[✓] Android Studio (version 2024.1)
    • Android Studio at C:\Program Files\Android\Android Studio
    • Flutter plugin can be installed from:
      🔨 https://plugins.jetbrains.com/plugin/9212-flutter
    • Dart plugin can be installed from:
      🔨 https://plugins.jetbrains.com/plugin/6351-dart
    • Java version OpenJDK Runtime Environment (build 17.0.11+0--11852314)

[✓] VS Code (version 1.95.3)
    • VS Code at C:\Users\dell\AppData\Local\Programs\Microsoft VS Code
    • Flutter extension version 3.100.0

[✓] Connected device (4 available)
    • emulator-5554 (mobile) • emulator-5554 • android-arm    • Android null (API null)
    • Windows (desktop)      • windows       • windows-x64    • Microsoft Windows [version 10.0.19045.5011]
    • Chrome (web)           • chrome        • web-javascript • Google Chrome 131.0.6778.85
    • Edge (web)             • edge          • web-javascript • Microsoft Edge 131.0.2903.51

[✓] Network resources
    • All expected network resources are available.

! Doctor found issues in 2 categories.
```
